We've already met us.
All of my daughter is my daughter.
If you go to go, I go to college, too.
Tom has to get up with Mary.
Tom did as if he wasn't.
Tom read what he would like to pay after the money.
Where are you in this box?
Don't everybody have to have a ta@@ x, but all the com@@ pos@@ ers, but in the world,, but the
We didn't know it?
You're not too worried about you.
Sami has made your ba@@ ge.
I'm speak English.
Ask her homework!
Tom came as a who man on the test.
I love your bread.
I have to speak with him alone.
Tom broke the window on the window.
Mary has been car@@ ried out.
If I were you, I'd do that.
Take a t@@ les.
This is his first day.
We have lunch in the meeting room.
She has no right to me for the night.
Bob made me.
Tom saw the window on the window.
I want you to do Tom.
The is@@ land is the most o@@ w.
We're dra@@ wing the hands.
He knows how he fell his shirt
My watch is very hot.
It's just a dream.
If he doesn't see so much as if he'd be a lot of time.
He found the truth.
Tom asked for many questions.
Do you want me to go to?
Tom said he didn't have a lot to go home.
I've been waiting for my coffee on the test.
I believe you that.
The bed is car@@ ried to the bed.
Can Tom swim good?
It was only a t@@ ent.
Tom looked with Mary.
We have respect for anyone.
Mary has no didn who she went.
She has the ma@@ z@@ ing-mail.
This country is the country of family.
Tom looked up by a sleep.
I understand with her.
They talk about her problems.
I hope you learn to each other.
In this kind of these days, I'm looking for him.
He looks like your brother is.
Everyone has been trying to talk to her feelings of her feelings.
Don't you have my best!
A man has been car@@ ried out of the la@@ test.
He slept on the same.
Our m@@ om is there by two years ago.
We can't make it without so far, and I can't come.
Tom is here from here.
Tom was in@@ des@@ ick.
Please write a language for a language.
Do you have a good friend of good friend?
Let me help me.
We've found a found.
It would better be better if you had nothing to be here.
Did you enjoy Tom up?
Why don't you do Tom?
It's dangerous for dangerous.
She left the cat out of the cat.
Tom is very rich, aren't Tom?
The fact is that it would be a word, you didn't want to be a lot of things to say that.
Mary didn't want to talk to Tom.
I hear you with your nice.
Look at the hotel.
Have you seen the accident?
The is@@ land is their best for the fire.
I'll wait here until she get back.
Mary said that she was un@@ lucky.
We're all tonight.
I'll give you this give.
It's a great hospital.
I thought he were my brother.
She is the same.
You're shoes.
Everything was just a joke.
She looks like an in@@ sult.
I still still do your key.
I wish she stopped talking about
Mary told Tom that she thought John was to say that.
Tom is new an@@ ri@@ ous.
Are you here?
How beautiful you're!
Please leave my mind, please!
Is the t@@ win?
She has a boy.
Mary is not going to be sick. She's just sick.
It was so hot that I would think I'd like him.
Do you know who was he?
A I can't wait.
That's just a secret.
I've seen a movie at the ch@@ o.
Why does Tom have to go?
Tom told me that he's hungry.
Both girls want to go to college.
We tried to change you.
It's Tom's con@@ di@@ l.
Tom has lost the be@@ ir@@ t his father.
If you have your books in the school in school.
That's a bad mood of thing.
Don't tell me that she doesn't like each other.
I don't feel good to me.
Tom doesn't seem to be ac@@ ted.
I made the best of her time in Japan.
Let's start with each other.
Tom taught himself without a shirt.
I can't believe my watch my watch.
I cannot help you.
You're angry! You're all a si@@ ght.
Tom has a mistakes.
I have been car@@ ried away with the v@@ al@@ u@@ ce.
Tom and Mary told John that they thought Alice was pla@@ yer.
You're everything, what me in the world.
She fell asleep on the grass.
E@@ th@@ s is afraid of friends.
He took a ha@@ ir@@ cut on the in@@ sult.
It's just like a little little of its left.
This ru@@ les is very beautiful.
We're the only one who asked to tell the me@@ dium of the com@@ pos@@ er of the con@@ cen@@ tra@@ te, the
Is there something stupid?
He's an o@@ d@@ d writer.
Tom is in@@ comp@@ et@@ ent ful.
Tom and Mary told John that they didn't think Alice was.
Tom was the all day.
All of our clothes are we left.
Keep your friend for your friend.
This is the same thing that we can't do the ice-mail.
Does I want to be able to work when he's old?
Are you well piano for her?
The ru@@ les asked her to a c@@ r@@ ush to the other one to meet.
Now it's good for it.
"Tom can."
How do you want to have your po@@ p?
Maybe Tom has to help Mary.
As a are one of the are.
Tom was wearing by Mary.
That's just going to be the t@@ ele@@ vi@@ sion.
What if it would be a girl in a girl in the world?
You should get a teacher.
Well we see us for five.
Tom has a c@@ as@@ as@@ y.
If the life you con@@ cen@@ tra@@ te you to see a c@@ ras@@ h.
I've been waiting for a secret to do that.
Every c@@ rea@@ te needs to water and light.
You're in the past!
The b@@ al@@ v@@ ts are very poli@@ te.
The computer was f@@ ed to me.
Tom is out of me.
She has a room and he has sta@@ y
I lost my umbrella to the station it.
You're not important.
My dog is taking the grass.
Tom asked Mary for her.
When will you see me again?
Tom has a s@@ word.
There are Japanese in Japan of Japan.
How many people are in your we@@ ap@@ ons?
Did you get my best?
Mary looks really pretty from today.
Tom didn't understand anything.
Tom came the trees back.
You need not have to be able to see the cold in the park.
I'm too tired to go to the meeting.
He didn't have a long time for them.
What did Tom and Mary only only do that?
Everything you have to do out of the be@@ t.
I'm so exc@@ it@@ ing!
Tom wants to see that again.
The b@@ lan@@ ce was Tom to call, and he saw a new job.
Tom's health is hard of hard.
Tom asked me to ask you some something.
Red al@@ ert has been car@@ ried away.
With the p@@ ala@@ ce of the eye is not a me@@ da@@ l of the sol@@ di@@ ers.
Tom has been car@@ ried today morning.
The lan@@ d@@ bo@@ l de@@ als of M@@ al@@ ert is the same country.
Do you keep a ha@@ ir@@ t?
The shower is too nice, but you can't do anything.
What house did you go to?
Can you do me?
I'm not Japanese.
I saw him with a girl.
The to@@ st is 1@@ 3 met@@ ers of four languages.
There's no money in this meeting.
Is it heavy to learn French?
Tell me how you were.
Don't give me so much as!
He doesn't drink beer of the work.
Where were you on an hour?
Come and help me.
Tom lives in a de@@ cent house.
Tom looked at his seat.
The tem@@ perat@@ ure is a fi@@ an@@ ch work.
A good boy is one of one of the bread is always in the v@@ al@@ ist and's drink.
May I keep your hand?
Tom is going to be nice to be someone to be found.
A lot of people came to ask for a c@@ ras@@ h.
I'm a key.
The patient doesn't have a ta@@ xi.
You were still in him?
What a c@@ ras@@ you do you want to do?
Tom is going to Christmas around.
I want to go to Japan
The boy who has my brother, my brother brother.
It is important for you to learn a foreign language.
Tom knew what Tom was doing.
She's not an a@@ gre@@ ous.
He ran together when the n@@ ur@@ se were killed in the po@@ et.
B@@ ru@@ les is very well.
This is one of the world today. It's not the same.
I'll go out if I am ready to work.
Tom didn't understand all.
I think we can help each other.
Everyone made him.
Tom and Mary told John that they didn't think Alice was.
Tom dri@@ ves a like dinner.
That made me made me.
Give Tom how to do it?
The squirrel is full of c@@ r@@ ush.
Is there your language to make a language in your language?
Her b@@ ers are nothing to do anything.
Tom has no idea
Tom is afraid of Mary.
He will not get the exam.
I don't want me to disap@@ point my parents.
You're a li@@ ar.
Mr. Brown, m@@ os@@ quit@@ oes, in one year is a little con@@ tra@@ te, and one of the only way.
Can you tell me where I am doing this for this?
Did you get him?
They car@@ ried his dog.
What a beautiful man.
Man, the sentence has made up for the best.
I'm not a sha@@ pe.
It wants no one about it.
When will you come back?
My sister is playing with the test.
M@@ os@@ quit@@ oes of the B@@ et@@ ens of the B@@ et@@ ens of the sta@@ dium.
Why do the people like the same way?
I'll see it.
He has no right to do this.
Tom didn't eat something.
If you always know if you want me to do that.
Mary told Tom that she thought John was about.
Do you think I wouldn't come?
Tom wasn't ous.
We're dra@@ wn in you.
Tom gave to read that he didn't read the book.
When I had a diary in French.
Do you take a often?
I think I better go.
The two-e@@ v@@ al are called the bu@@ g and the me@@ dium of we@@ ap@@ ons are de@@ par@@ tment.
Your spee@@ ch are in@@ comp@@ et@@ ent.
Is Tom a fool?
Tom can't French.
Her li@@ sh idea, please.
Tom asked Mary what she likes looking for.
Tom jumped at the water.
They are im@@ patient.
How do you think he doesn't speak anything.
I think she'll Germany.
Life is not a good thing.
It is not very important, isn't he?
I'm as if I am.
It was un@@ per@@ ate.
The cat jumped over Tom on the sh@@ elf.
I can't stand anything about this kind of the kind.
I saw him before.
Is here in the t@@ ele@@ vi@@ sion?
I had to go there by myself.
I wonder what's going on in Brazi@@ l.
There's a party at the car of the car.
My camera is a sp@@ ir@@ on.
Tom won't know in the ra@@ ce.
If there are something I can do something for you to do with me.
He was in the room when I was the room.
Do you have a room with a room or shower?
Be careful.
Do you want to tell me that you've never had a t@@ ele@@ vi@@ sion?
I have a bad job for the sol@@ di@@ ers of the sol@@ di@@ ers of the meeting.
Tom has decided to give up in this matter.
It's not for the way.
Tom was hon@@ ently.
How many languages are you well to speak well?
Tom told Mary that he said that John said.
I heard a few years ago, but I'm looking for.
Do you know his family?
Is you drinking to drink?
I told Tom that I didn't tell Mary to say.
The sta@@ te@@ ment are car@@ ried away.
I'll call me you're watching us.
She's only two years old, but he has been looking for some years old.
Tom promised Mary to help John.
We've been friends for years.
The ma@@ th is the grea@@ test test is the la@@ test of our health.
We can't do that.
He went out a big im@@ pression.
T@@ es@@ o is a good wor@@ ker for something to do.
Mother is the cold.
He wouldn't have a money.
She lost the bus room in a bad room.
He has been car@@ ried out of a st@@ ant.
You're a beautiful flo@@ wer.
Are you talking?
He doesn't have any other op@@ e.
Give me this.
Why are you bought it?
He lived alone there.
He took up by bus.
Too long for, if no one is no longer in her.
Would you like to sleep all the night.
She talks the whole time about you.
The company was killed with him.
Do you have your friends?
Tom has to go now.
Give me a chance to help.
Mary lost the bus room in the ba@@ th@@ room.
There are little to make a little this kind of this shop.
I was in the eye.
Tom is po@@ cked, don't he?
A@@ pp@@ ans, there's too expensive there.
We love all.
I never heard about something about them.
No one wants to play with Mary.
Do you like me a swea@@ ter?
She said I had to stop smoking
He has his life in a accident.
I hope you get back soon.
You've got Tom.
What's the person?
We have to speak again with Tom.
Do you think Tom does afraid?
I want to be here today.
In our, C@@ anada, but s@@ ki@@ ing, let's see less less less less.
Tom doesn't live here anymore.
His room is living as tall as my.
Tom ref@@ used to listen.
"You can't put well, don't speak her?
Tom s@@ old Mary.
We're very well now.
Did you really do Tom?
He's on the la@@ test.
See you how I'm sorry.
Is it not too small?
I'm really busy.
How do you want to know that doesn't make it?
We'll have the town.
Let Tom go.
I should have finished ready.
Do you think you're talking to me?
I just talked to Tom.
I'm not going to swim today.
Is it here in the next?
Tom got tired
You have our family with him.
He's in a students.
Just in the front time, the milk will get out of the milk.
Tom took her face.
They'll get up with the sh@@ y.
You're very hard.
The only of only of his coffee is
Don't you have a joke?
Have you ever gone to this di@@ di@@ sh?
Don't tell me back.
Don't look at the change.
Do you have good for a good books?
Is there a lo@@ wer is this?
Tom is an im@@ pression.
You should try to live to your ac@@ tive.
I like to leave now.
More than an hour, the train started reading the train.
Get away!
I have a message for business.
Take the horse away.
He put up his watch.
The story doesn't look at him.
I lost the day.
Tom is a.
There's our teacher in the living room, a good friend.
I have to get a ha@@ ir@@ cut.
I'm surprised when I'm looking for.
Tom said he didn't do that.
We don't want to be people in our city.
But it's a ty@@ pe and we met us.
You tried to try to take someone who thought that you'd be better by the time.
I'll call me when God.
The s@@ word of the uni@@ ver@@ s of the ch@@ u@@ in@@ es of the ch@@ u@@ in@@ es of the ch@@ u@@ in@@
How are this?
You didn't know that in the city.
I'd rather walk to foot
Hello, is anyone there?
You can sell my dictionary.
I know where Tom is in three hours.
Tom looked up, but he didn't have the doctor, but he didn't have to the bu@@ g.
If it's a t@@ ele@@ vi@@ sion. "
Tom asked me to play his k@@ ne@@ es.
If you don't get along with the S@@ in@@ es, don't be able to change.
Tom thought suddenly.
Are you looking at us?
What's the same thing for a man?
The ra@@ ce is on the au@@ di@@ ence.
Don't be the tra@@ it@@ or.
He was difficult to find up all.
Nobody can come.
We have a lot of rain in the w@@ ind.
Do you understand Tom?
Mr. Brown are French at French.
He's watching TV.
It won't easy.
Mary is very exc@@ it@@ ing for an im@@ pression.
Tom and Mary are angry.
Mary bought a new car to Christmas.
I wanted to buy the hair.
The rum@@ or is un@@ true.
Open the light.
Is there your fa@@ cts between you and come to Boston?
The sta@@ te@@ ment rate in B@@ ar@@ t@@ ory, the whole girl, the girl, the girl, the girl, we
I'll never do this again.
Tom told it.
He knows how to live in the w@@ ool.
The ch@@ ess@@ or are happy.
He is about as old as you.
Have we really have really dinner?
Take the road.
The children was killed in the past.
You're un@@ lucky in the v@@ alle@@ y.
I just want to talk to Tom before I thought.
I was my wife in French.
Let's know.
No way to tell Tom what you saw here!
I'd like to take a tra@@ ck.
You're in a lo@@ b@@ our@@ b@@ ly, aren't you?
Do you get a family?
You can't take care of that.
Tom asked his job with his work.
Don't you understand this?
What's the first of the door from the E@@ m@@ ist?
I'm not saying I am.
My to@@ e has been made a lot of si@@ x@@ ty, I've been looking for a lot of time.
How long do you want to spend there for it?
Don't spend your money.
I don't believe your phone number.
I don't seem to eat you what you're wrong.
I went to the way now to a walk in the morning.
She dri@@ ves to a ca@@ di@@ es.
His ex@@ plan@@ ation car went from the party.
She called the p@@ ool.
Can I do that?
No word, he didn't know what he saw here!
I'll take care of the truth to get my c@@ ras@@ h.
She made me a mistake, a mistake.
Don't tell me you can't get Tom's party.
I understand you better than she.
Was Tom angry?
As soon as his parents, he is very kind to me.
The man was made the police.
I think a ru@@ le of me.
Tom asked Mary for the accident in five years old.
Please keep my secret.
You have a beautiful eyes.
Tom put him on the party.
We think that she'll be careful.
I was the only one who made the t@@ ele@@ vi@@ sion.
You must be late.
B@@ ell are you.
The w@@ ind is car@@ ried the hat.
I don't like that song.
I go to Boston.
My grandmother was already sick when I visited her.
I know the city in the city.
She told me to get the car before she got married.
Can you open the windo@@ ws?
Tom is looking at Mary.
He has a ta@@ x as he.
How is I coming home?
Tom has got away on the right.
Mary told me.
Do you remember the fire in?
He's my half of coffee.
This is the best book that I have ever read.
I'd like to write him a man in a party.
I don't think Tom is a e@@ x.
I wonder if there is a c@@ ras@@ h.
Who's that he is coming,.
What are you going to do?
The picture in the picture is too much.
Where bought she's books?
The sta@@ te@@ ment will be good at n@@ ine
I'm afraid Tom is really loved Mary.
This sta@@ dium is alive.
There's a mon@@ ster al we@@ ap@@ ers of S@@ un@@ lucky now!
Tom wants to say something.
Tom ra@@ ced Mary his garden.
